<?xml version="1.0" encoding="UTF-8"?>
<!-- Generated by org.testng.reporters.JUnitReportReporter -->
<testsuite hostname="LAPTOP-CMFNPTCA" name="APITest.GetCatalogTest" tests="1" failures="0" timestamp="26 Jun 2019 17:34:11 GMT" time="5.121" errors="0">
  <testcase name="getAcceptanceTest" time="5.121" classname="APITest.GetCatalogTest"/>
</testsuite> <!-- APITest.GetCatalogTest -->
