<?xml version="1.0" encoding="UTF-8"?>
<!-- Generated by org.testng.reporters.JUnitReportReporter -->
<testsuite hostname="LAPTOP-CMFNPTCA" name="APITest.GetCatalogTest" tests="1" failures="0" timestamp="26 Jun 2019 02:26:22 GMT" time="3.337" errors="0">
  <testcase name="getAcceptanceTest" time="3.337" classname="APITest.GetCatalogTest"/>
</testsuite> <!-- APITest.GetCatalogTest -->
